<?xml version="1.0" encoding="UTF-8"?>
<!-- Generated by org.testng.reporters.JUnitReportReporter -->
<testsuite hostname="HQ1106475" name="com.fruit.test.backend.service.FindingLibraryTest" tests="13" failures="0" timestamp="23 Jun 2014 15:18:02 GMT" time="0.157" errors="0">
  <testcase name="testSaveEmployee" time="0.004" classname="com.fruit.test.backend.service.FindingLibraryTest"/>
  <testcase name="testSaveEmployee" time="0.005" classname="com.fruit.test.backend.service.FindingLibraryTest"/>
  <testcase name="testSaveEmployee" time="0.003" classname="com.fruit.test.backend.service.FindingLibraryTest"/>
  <testcase name="testGetEmployeeById" time="0.007" classname="com.fruit.test.backend.service.FindingLibraryTest"/>
  <testcase name="testSaveEmployee" time="0.011" classname="com.fruit.test.backend.service.FindingLibraryTest"/>
  <testcase name="testSaveEmployee" time="0.003" classname="com.fruit.test.backend.service.FindingLibraryTest"/>
  <testcase name="testSaveEmployee" time="0.087" classname="com.fruit.test.backend.service.FindingLibraryTest"/>
  <testcase name="testDeleteEmployeeById" time="0.007" classname="com.fruit.test.backend.service.FindingLibraryTest"/>
  <testcase name="testSaveEmployee" time="0.004" classname="com.fruit.test.backend.service.FindingLibraryTest"/>
  <testcase name="testSaveEmployee" time="0.014" classname="com.fruit.test.backend.service.FindingLibraryTest"/>
  <testcase name="testSaveEmployee" time="0.004" classname="com.fruit.test.backend.service.FindingLibraryTest"/>
  <testcase name="testSaveEmployee" time="0.003" classname="com.fruit.test.backend.service.FindingLibraryTest"/>
  <testcase name="testGetEmployees" time="0.005" classname="com.fruit.test.backend.service.FindingLibraryTest"/>
</testsuite> <!-- com.fruit.test.backend.service.FindingLibraryTest -->
