<?xml version="1.0" encoding="UTF-8"?>
<!-- Generated by org.testng.reporters.JUnitReportReporter -->
<testsuite hostname="HQ1106475" name="com.fruit.test.backend.service.FindingLibraryTest" tests="13" failures="0" timestamp="23 Jun 2014 14:06:07 GMT" time="0.499" errors="0">
  <testcase name="testSaveEmployee" time="0.149" classname="com.fruit.test.backend.service.FindingLibraryTest"/>
  <testcase name="testGetEmployeeById" time="0.008" classname="com.fruit.test.backend.service.FindingLibraryTest"/>
  <testcase name="testSaveEmployee" time="0.021" classname="com.fruit.test.backend.service.FindingLibraryTest"/>
  <testcase name="testSaveEmployee" time="0.022" classname="com.fruit.test.backend.service.FindingLibraryTest"/>
  <testcase name="testSaveEmployee" time="0.015" classname="com.fruit.test.backend.service.FindingLibraryTest"/>
  <testcase name="testSaveEmployee" time="0.187" classname="com.fruit.test.backend.service.FindingLibraryTest"/>
  <testcase name="testSaveEmployee" time="0.014" classname="com.fruit.test.backend.service.FindingLibraryTest"/>
  <testcase name="testSaveEmployee" time="0.013" classname="com.fruit.test.backend.service.FindingLibraryTest"/>
  <testcase name="testDeleteEmployeeById" time="0.030" classname="com.fruit.test.backend.service.FindingLibraryTest"/>
  <testcase name="testSaveEmployee" time="0.016" classname="com.fruit.test.backend.service.FindingLibraryTest"/>
  <testcase name="testGetEmployees" time="0.005" classname="com.fruit.test.backend.service.FindingLibraryTest"/>
  <testcase name="testSaveEmployee" time="0.010" classname="com.fruit.test.backend.service.FindingLibraryTest"/>
  <testcase name="testSaveEmployee" time="0.009" classname="com.fruit.test.backend.service.FindingLibraryTest"/>
</testsuite> <!-- com.fruit.test.backend.service.FindingLibraryTest -->
