<?xml version="1.0" encoding="UTF-8"?>
<!-- Generated by org.testng.reporters.JUnitReportReporter -->
<testsuite hostname="shian-pc" name="com.fruit.test.backend.service.FindingLibraryTest" tests="13" failures="0" timestamp="23 Jun 2014 03:50:42 GMT" time="0.098" errors="0">
  <testcase name="testDeleteEmployeeById" time="0.005" classname="com.fruit.test.backend.service.FindingLibraryTest"/>
  <testcase name="testSaveEmployee" time="0.003" classname="com.fruit.test.backend.service.FindingLibraryTest"/>
  <testcase name="testSaveEmployee" time="0.003" classname="com.fruit.test.backend.service.FindingLibraryTest"/>
  <testcase name="testGetEmployees" time="0.003" classname="com.fruit.test.backend.service.FindingLibraryTest"/>
  <testcase name="testSaveEmployee" time="0.003" classname="com.fruit.test.backend.service.FindingLibraryTest"/>
  <testcase name="testSaveEmployee" time="0.002" classname="com.fruit.test.backend.service.FindingLibraryTest"/>
  <testcase name="testSaveEmployee" time="0.003" classname="com.fruit.test.backend.service.FindingLibraryTest"/>
  <testcase name="testSaveEmployee" time="0.060" classname="com.fruit.test.backend.service.FindingLibraryTest"/>
  <testcase name="testSaveEmployee" time="0.003" classname="com.fruit.test.backend.service.FindingLibraryTest"/>
  <testcase name="testGetEmployeeById" time="0.005" classname="com.fruit.test.backend.service.FindingLibraryTest"/>
  <testcase name="testSaveEmployee" time="0.004" classname="com.fruit.test.backend.service.FindingLibraryTest"/>
  <testcase name="testSaveEmployee" time="0.002" classname="com.fruit.test.backend.service.FindingLibraryTest"/>
  <testcase name="testSaveEmployee" time="0.002" classname="com.fruit.test.backend.service.FindingLibraryTest"/>
</testsuite> <!-- com.fruit.test.backend.service.FindingLibraryTest -->
