<?xml version="1.0" encoding="UTF-8"?>
<!-- Generated by org.testng.reporters.JUnitReportReporter -->
<testsuite hostname="shian-pc" name="com.fruit.test.backend.service.FindingLibraryTest" tests="12" failures="0" timestamp="23 Jun 2014 03:14:08 GMT" time="0.095" errors="0">
  <testcase name="testGetEmployees" time="0.003" classname="com.fruit.test.backend.service.FindingLibraryTest"/>
  <testcase name="testSaveEmployee" time="0.062" classname="com.fruit.test.backend.service.FindingLibraryTest"/>
  <testcase name="testSaveEmployee" time="0.003" classname="com.fruit.test.backend.service.FindingLibraryTest"/>
  <testcase name="testSaveEmployee" time="0.002" classname="com.fruit.test.backend.service.FindingLibraryTest"/>
  <testcase name="testSaveEmployee" time="0.002" classname="com.fruit.test.backend.service.FindingLibraryTest"/>
  <testcase name="testSaveEmployee" time="0.002" classname="com.fruit.test.backend.service.FindingLibraryTest"/>
  <testcase name="testSaveEmployee" time="0.003" classname="com.fruit.test.backend.service.FindingLibraryTest"/>
  <testcase name="testSaveEmployee" time="0.003" classname="com.fruit.test.backend.service.FindingLibraryTest"/>
  <testcase name="testSaveEmployee" time="0.002" classname="com.fruit.test.backend.service.FindingLibraryTest"/>
  <testcase name="testSaveEmployee" time="0.003" classname="com.fruit.test.backend.service.FindingLibraryTest"/>
  <testcase name="testSaveEmployee" time="0.003" classname="com.fruit.test.backend.service.FindingLibraryTest"/>
  <testcase name="testGetEmployeeById" time="0.007" classname="com.fruit.test.backend.service.FindingLibraryTest"/>
</testsuite> <!-- com.fruit.test.backend.service.FindingLibraryTest -->
